<?xml version="1.0" encoding="UTF-8"?>
<!-- Generated by org.testng.reporters.JUnitXMLReporter -->
<testsuite hostname="ITEM-S94567" ignored="0" name="Test" tests="5" failures="0" timestamp="2021-03-06T01:06:58 IST" time="68.082" errors="0">
  <testcase name="SecondTestCase" time="5.859" classname="TestCases.first_Test"/>
  <testcase name="ThirdTestCase" time="6.768" classname="TestCases.first_Test"/>
  <testcase name="firstTestCase" time="3.198" classname="TestCases.first_Test"/>
  <testcase name="fivthTestCase" time="10.549" classname="TestCases.first_Test"/>
  <testcase name="fourthTestCase" time="4.148" classname="TestCases.first_Test"/>
</testsuite> <!-- Test -->
