<?xml version="1.0" encoding="UTF-8"?>
<testng-results skipped="0" failed="0" ignored="0" total="5" passed="5">
  <reporter-output>
  </reporter-output>
  <suite name="Suite" duration-ms="68082" started-at="2021-03-06T01:05:49 IST" finished-at="2021-03-06T01:06:58 IST">
    <groups>
    </groups>
    <test name="Test" duration-ms="68082" started-at="2021-03-06T01:05:49 IST" finished-at="2021-03-06T01:06:58 IST">
      <class name="TestCases.first_Test">
        <test-method status="PASS" signature="setup()[pri:0, instance:TestCases.first_Test@3224f60b]" name="setup" is-config="true" duration-ms="9388" started-at="2021-03-06T01:05:50 IST" finished-at="2021-03-06T01:05:59 IST">
          <reporter-output>
          </reporter-output>
        </test-method> <!-- setup -->
        <test-method status="PASS" signature="SecondTestCase()[pri:0, instance:TestCases.first_Test@3224f60b]" name="SecondTestCase" duration-ms="5859" started-at="2021-03-06T01:05:59 IST" finished-at="2021-03-06T01:06:05 IST">
          <reporter-output>
          </reporter-output>
        </test-method> <!-- SecondTestCase -->
        <test-method status="PASS" signature="browerstop()[pri:0, instance:TestCases.first_Test@3224f60b]" name="browerstop" is-config="true" duration-ms="419" started-at="2021-03-06T01:06:05 IST" finished-at="2021-03-06T01:06:05 IST">
          <reporter-output>
          </reporter-output>
        </test-method> <!-- browerstop -->
        <test-method status="PASS" signature="setup()[pri:0, instance:TestCases.first_Test@3224f60b]" name="setup" is-config="true" duration-ms="7012" started-at="2021-03-06T01:06:05 IST" finished-at="2021-03-06T01:06:12 IST">
          <reporter-output>
          </reporter-output>
        </test-method> <!-- setup -->
        <test-method status="PASS" signature="ThirdTestCase()[pri:0, instance:TestCases.first_Test@3224f60b]" name="ThirdTestCase" duration-ms="6768" started-at="2021-03-06T01:06:12 IST" finished-at="2021-03-06T01:06:19 IST">
          <reporter-output>
          </reporter-output>
        </test-method> <!-- ThirdTestCase -->
        <test-method status="PASS" signature="browerstop()[pri:0, instance:TestCases.first_Test@3224f60b]" name="browerstop" is-config="true" duration-ms="582" started-at="2021-03-06T01:06:19 IST" finished-at="2021-03-06T01:06:20 IST">
          <reporter-output>
          </reporter-output>
        </test-method> <!-- browerstop -->
        <test-method status="PASS" signature="setup()[pri:0, instance:TestCases.first_Test@3224f60b]" name="setup" is-config="true" duration-ms="7389" started-at="2021-03-06T01:06:20 IST" finished-at="2021-03-06T01:06:27 IST">
          <reporter-output>
          </reporter-output>
        </test-method> <!-- setup -->
        <test-method status="PASS" signature="firstTestCase()[pri:0, instance:TestCases.first_Test@3224f60b]" name="firstTestCase" duration-ms="3198" started-at="2021-03-06T01:06:27 IST" finished-at="2021-03-06T01:06:30 IST">
          <reporter-output>
          </reporter-output>
        </test-method> <!-- firstTestCase -->
        <test-method status="PASS" signature="browerstop()[pri:0, instance:TestCases.first_Test@3224f60b]" name="browerstop" is-config="true" duration-ms="281" started-at="2021-03-06T01:06:30 IST" finished-at="2021-03-06T01:06:30 IST">
          <reporter-output>
          </reporter-output>
        </test-method> <!-- browerstop -->
        <test-method status="PASS" signature="setup()[pri:0, instance:TestCases.first_Test@3224f60b]" name="setup" is-config="true" duration-ms="6082" started-at="2021-03-06T01:06:30 IST" finished-at="2021-03-06T01:06:37 IST">
          <reporter-output>
          </reporter-output>
        </test-method> <!-- setup -->
        <test-method status="PASS" signature="fivthTestCase()[pri:0, instance:TestCases.first_Test@3224f60b]" name="fivthTestCase" duration-ms="10549" started-at="2021-03-06T01:06:37 IST" finished-at="2021-03-06T01:06:47 IST">
          <reporter-output>
          </reporter-output>
        </test-method> <!-- fivthTestCase -->
        <test-method status="PASS" signature="browerstop()[pri:0, instance:TestCases.first_Test@3224f60b]" name="browerstop" is-config="true" duration-ms="303" started-at="2021-03-06T01:06:47 IST" finished-at="2021-03-06T01:06:47 IST">
          <reporter-output>
          </reporter-output>
        </test-method> <!-- browerstop -->
        <test-method status="PASS" signature="setup()[pri:0, instance:TestCases.first_Test@3224f60b]" name="setup" is-config="true" duration-ms="5633" started-at="2021-03-06T01:06:47 IST" finished-at="2021-03-06T01:06:53 IST">
          <reporter-output>
          </reporter-output>
        </test-method> <!-- setup -->
        <test-method status="PASS" signature="fourthTestCase()[pri:0, instance:TestCases.first_Test@3224f60b]" name="fourthTestCase" duration-ms="4148" started-at="2021-03-06T01:06:53 IST" finished-at="2021-03-06T01:06:57 IST">
          <reporter-output>
          </reporter-output>
        </test-method> <!-- fourthTestCase -->
        <test-method status="PASS" signature="browerstop()[pri:0, instance:TestCases.first_Test@3224f60b]" name="browerstop" is-config="true" duration-ms="352" started-at="2021-03-06T01:06:57 IST" finished-at="2021-03-06T01:06:58 IST">
          <reporter-output>
          </reporter-output>
        </test-method> <!-- browerstop -->
      </class> <!-- TestCases.first_Test -->
    </test> <!-- Test -->
  </suite> <!-- Suite -->
</testng-results>
